<?xml version="1.0" encoding="UTF-8"?>
<testsuite name="gcu.backend.carlist.CarlistApplicationTests" tests="1" skipped="0" failures="0" errors="0" timestamp="2023-03-28T06:41:01" hostname="gimmingyeong-ui-noteubug.local" time="0.155">
  <properties/>
  <testcase name="contextLoads()" classname="gcu.backend.carlist.CarlistApplicationTests" time="0.155"/>
  <system-out><![CDATA[15:41:00.993 [Test worker] DEBUG org.springframework.test.context.BootstrapUtils - Instantiating CacheAwareContextLoaderDelegate from class [org.springframework.test.context.cache.DefaultCacheAwareContextLoaderDelegate]
15:41:00.997 [Test worker] DEBUG org.springframework.test.context.BootstrapUtils - Instantiating BootstrapContext using constructor [public org.springframework.test.context.support.DefaultBootstrapContext(java.lang.Class,org.springframework.test.context.CacheAwareContextLoaderDelegate)]
15:41:01.010 [Test worker] DEBUG org.springframework.test.context.BootstrapUtils - Instantiating TestContextBootstrapper for test class [gcu.backend.carlist.CarlistApplicationTests] from class [org.springframework.boot.test.context.SpringBootTestContextBootstrapper]
15:41:01.014 [Test worker] INFO org.springframework.boot.test.context.SpringBootTestContextBootstrapper - Neither @ContextConfiguration nor @ContextHierarchy found for test class [gcu.backend.carlist.CarlistApplicationTests], using SpringBootContextLoader
15:41:01.015 [Test worker] DEBUG org.springframework.test.context.support.AbstractContextLoader - Did not detect default resource location for test class [gcu.backend.carlist.CarlistApplicationTests]: class path resource [gcu/backend/carlist/CarlistApplicationTests-context.xml] does not exist
15:41:01.015 [Test worker] DEBUG org.springframework.test.context.support.AbstractContextLoader - Did not detect default resource location for test class [gcu.backend.carlist.CarlistApplicationTests]: class path resource [gcu/backend/carlist/CarlistApplicationTestsContext.groovy] does not exist
15:41:01.016 [Test worker] INFO org.springframework.test.context.support.AbstractContextLoader - Could not detect default resource locations for test class [gcu.backend.carlist.CarlistApplicationTests]: no resource found for suffixes {-context.xml, Context.groovy}.
15:41:01.016 [Test worker] INFO org.springframework.test.context.support.AnnotationConfigContextLoaderUtils - Could not detect default configuration classes for test class [gcu.backend.carlist.CarlistApplicationTests]: CarlistApplicationTests does not declare any static, non-private, non-final, nested classes annotated with @Configuration.
15:41:01.030 [Test worker] DEBUG org.springframework.test.context.support.ActiveProfilesUtils - Could not find an 'annotation declaring class' for annotation type [org.springframework.test.context.ActiveProfiles] and class [gcu.backend.carlist.CarlistApplicationTests]
15:41:01.065 [Test worker] DEBUG org.springframework.context.annotation.ClassPathScanningCandidateComponentProvider - Identified candidate component class: file [/Users/gimmingyeong/Library/CloudStorage/OneDrive-gachon.ac.kr/Documents/1-Lecture/4-1/KEA_chatbot/workspace/carList/carlist/build/classes/java/main/gcu/backend/carlist/CarlistApplication.class]
15:41:01.069 [Test worker] INFO org.springframework.boot.test.context.SpringBootTestContextBootstrapper - Found @SpringBootConfiguration gcu.backend.carlist.CarlistApplication for test class gcu.backend.carlist.CarlistApplicationTests
15:41:01.104 [Test worker] DEBUG org.springframework.boot.test.context.SpringBootTestContextBootstrapper - @TestExecutionListeners is not present for class [gcu.backend.carlist.CarlistApplicationTests]: using defaults.
15:41:01.105 [Test worker] INFO org.springframework.boot.test.context.SpringBootTestContextBootstrapper - Loaded default TestExecutionListener class names from location [META-INF/spring.factories]: [org.springframework.boot.test.autoconfigure.restdocs.RestDocsTestExecutionListener, org.springframework.boot.test.autoconfigure.web.client.MockRestServiceServerResetTestExecutionListener, org.springframework.boot.test.autoconfigure.web.servlet.MockMvcPrintOnlyOnFailureTestExecutionListener, org.springframework.boot.test.autoconfigure.web.servlet.WebDriverTestExecutionListener, org.springframework.boot.test.autoconfigure.webservices.client.MockWebServiceServerTestExecutionListener, org.springframework.boot.test.mock.mockito.MockitoTestExecutionListener, org.springframework.boot.test.mock.mockito.ResetMocksTestExecutionListener, org.springframework.test.context.web.ServletTestExecutionListener, org.springframework.test.context.support.DirtiesContextBeforeModesTestExecutionListener, org.springframework.test.context.event.ApplicationEventsTestExecutionListener, org.springframework.test.context.support.DependencyInjectionTestExecutionListener, org.springframework.test.context.support.DirtiesContextTestExecutionListener, org.springframework.test.context.transaction.TransactionalTestExecutionListener, org.springframework.test.context.jdbc.SqlScriptsTestExecutionListener, org.springframework.test.context.event.EventPublishingTestExecutionListener]
15:41:01.108 [Test worker] DEBUG org.springframework.boot.test.context.SpringBootTestContextBootstrapper - Skipping candidate TestExecutionListener [org.springframework.test.context.transaction.TransactionalTestExecutionListener] due to a missing dependency. Specify custom listener classes or make the default listener classes and their required dependencies available. Offending class: [org/springframework/transaction/interceptor/TransactionAttributeSource]
15:41:01.109 [Test worker] DEBUG org.springframework.boot.test.context.SpringBootTestContextBootstrapper - Skipping candidate TestExecutionListener [org.springframework.test.context.jdbc.SqlScriptsTestExecutionListener] due to a missing dependency. Specify custom listener classes or make the default listener classes and their required dependencies available. Offending class: [org/springframework/transaction/interceptor/TransactionAttribute]
15:41:01.109 [Test worker] INFO org.springframework.boot.test.context.SpringBootTestContextBootstrapper - Using TestExecutionListeners: [org.springframework.test.context.web.ServletTestExecutionListener@422c3c7a, org.springframework.test.context.support.DirtiesContextBeforeModesTestExecutionListener@18230356, org.springframework.test.context.event.ApplicationEventsTestExecutionListener@d8305c2, org.springframework.boot.test.mock.mockito.MockitoTestExecutionListener@56bca85b, org.springframework.boot.test.autoconfigure.SpringBootDependencyInjectionTestExecutionListener@75d0911a, org.springframework.test.context.support.DirtiesContextTestExecutionListener@75e91545, org.springframework.test.context.event.EventPublishingTestExecutionListener@60d1a32f, org.springframework.boot.test.autoconfigure.restdocs.RestDocsTestExecutionListener@531c311e, org.springframework.boot.test.autoconfigure.web.client.MockRestServiceServerResetTestExecutionListener@22b53226, org.springframework.boot.test.autoconfigure.web.servlet.MockMvcPrintOnlyOnFailureTestExecutionListener@1fcb4808, org.springframework.boot.test.autoconfigure.web.servlet.WebDriverTestExecutionListener@726e5805, org.springframework.boot.test.autoconfigure.webservices.client.MockWebServiceServerTestExecutionListener@40c80397, org.springframework.boot.test.mock.mockito.ResetMocksTestExecutionListener@4b672daa]
15:41:01.110 [Test worker] DEBUG org.springframework.test.context.support.AbstractDirtiesContextTestExecutionListener - Before test class: context [DefaultTestContext@12bcd0c0 testClass = CarlistApplicationTests, testInstance = [null], testMethod = [null], testException = [null], mergedContextConfiguration = [WebMergedContextConfiguration@4879f0f2 testClass = CarlistApplicationTests, locations = '{}', classes = '{class gcu.backend.carlist.CarlistApplication}', contextInitializerClasses = '[]', activeProfiles = '{}', propertySourceLocations = '{}', propertySourceProperties = '{org.springframework.boot.test.context.SpringBootTestContextBootstrapper=true}', contextCustomizers = set[org.springframework.boot.test.autoconfigure.actuate.metrics.MetricsExportContextCustomizerFactory$DisableMetricExportContextCustomizer@3d246ea3, org.springframework.boot.test.autoconfigure.properties.PropertyMappingContextCustomizer@0, org.springframework.boot.test.autoconfigure.web.servlet.WebDriverContextCustomizerFactory$Customizer@51133c06, org.springframework.boot.test.context.filter.ExcludeFilterContextCustomizer@44d52de2, org.springframework.boot.test.json.DuplicateJsonObjectContextCustomizerFactory$DuplicateJsonObjectContextCustomizer@babafc2, org.springframework.boot.test.mock.mockito.MockitoContextCustomizer@0, org.springframework.boot.test.web.client.TestRestTemplateContextCustomizer@d771cc9, org.springframework.boot.test.context.SpringBootTestArgs@1, org.springframework.boot.test.context.SpringBootTestWebEnvironment@63475ace], resourceBasePath = 'src/main/webapp', contextLoader = 'org.springframework.boot.test.context.SpringBootContextLoader', parent = [null]], attributes = map['org.springframework.test.context.web.ServletTestExecutionListener.activateListener' -> true]], class annotated with @DirtiesContext [false] with mode [null].

  .   ____          _            __ _ _
 /\\ / ___'_ __ _ _(_)_ __  __ _ \ \ \ \
( ( )\___ | '_ | '_| | '_ \/ _` | \ \ \ \
 \\/  ___)| |_)| | | | | || (_| |  ) ) ) )
  '  |____| .__|_| |_|_| |_\__, | / / / /
 =========|_|==============|___/=/_/_/_/
 :: Spring Boot ::               (v2.7.10)

2023-03-28 15:41:01.421  INFO 98561 --- [    Test worker] g.b.carlist.CarlistApplicationTests      : Starting CarlistApplicationTests using Java 17.0.6 on gimmingyeong-ui-noteubug.local with PID 98561 (started by gimmingyeong in /Users/gimmingyeong/Library/CloudStorage/OneDrive-gachon.ac.kr/Documents/1-Lecture/4-1/KEA_chatbot/workspace/carList/carlist)
2023-03-28 15:41:01.422  INFO 98561 --- [    Test worker] g.b.carlist.CarlistApplicationTests      : No active profile set, falling back to 1 default profile: "default"
2023-03-28 15:41:01.945  INFO 98561 --- [    Test worker] g.b.carlist.CarlistApplicationTests      : Started CarlistApplicationTests in 0.819 seconds (JVM running for 1.278)
]]></system-out>
  <system-err><![CDATA[]]></system-err>
</testsuite>
